<?xml version="1.0" encoding="UTF-8"?>
<!-- Generated by org.testng.reporters.JUnitXMLReporter -->
<testsuite hostname="DESKTOP-G46QBGA" ignored="0" name="Default test" tests="5" failures="0" timestamp="16 Aug 2020 09:52:21 GMT" time="6.058" errors="0">
  <testcase name="registerWeatherWithoutAPIKey" time="2.348" classname="restAPITesting.ApttusStationAPIValidation"/>
  <testcase name="registerTwoStationsWithValidKey" time="1.788" classname="restAPITesting.ApttusStationAPIValidation"/>
  <testcase name="getStations" time="0.489" classname="restAPITesting.ApttusStationAPIValidation"/>
  <testcase name="DeleteStations" time="0.92" classname="restAPITesting.ApttusStationAPIValidation"/>
  <testcase name="verifyStationNotFound" time="0.488" classname="restAPITesting.ApttusStationAPIValidation"/>
</testsuite> <!-- Default test -->
