<?xml version="1.0" encoding="UTF-8"?>
<!-- Generated by org.testng.reporters.JUnitXMLReporter -->
<testsuite hostname="DESKTOP-G46QBGA" ignored="0" name="Default test" tests="5" failures="0" timestamp="16 Aug 2020 09:14:23 GMT" time="5.09" errors="0">
  <testcase name="registerWeatherWithoutAPIKey" time="2.212" classname="restAPITesting.ApttusStationAPIValidation"/>
  <testcase name="registerTwoStationsWithValidKey" time="0.974" classname="restAPITesting.ApttusStationAPIValidation"/>
  <testcase name="getStations" time="0.476" classname="restAPITesting.ApttusStationAPIValidation"/>
  <testcase name="DeleteStations" time="0.915" classname="restAPITesting.ApttusStationAPIValidation"/>
  <testcase name="verifyStationNotFound" time="0.491" classname="restAPITesting.ApttusStationAPIValidation"/>
</testsuite> <!-- Default test -->
