<?xml version="1.0" encoding="UTF-8"?>
<!-- Generated by org.testng.reporters.JUnitXMLReporter -->
<testsuite hostname="DESKTOP-G46QBGA" ignored="0" name="Test" tests="6" failures="0" timestamp="16 Aug 2020 10:38:38 GMT" time="29.117" errors="0">
  <testcase name="feature" time="23.66" classname="cucumber.api.testng.AbstractTestNGCucumberTests"/>
  <testcase name="registerWeatherWithoutAPIKey" time="2.311" classname="restAPITesting.ApttusStationAPIValidation"/>
  <testcase name="registerTwoStationsWithValidKey" time="1.0" classname="restAPITesting.ApttusStationAPIValidation"/>
  <testcase name="getStations" time="0.478" classname="restAPITesting.ApttusStationAPIValidation"/>
  <testcase name="DeleteStations" time="0.909" classname="restAPITesting.ApttusStationAPIValidation"/>
  <testcase name="verifyStationNotFound" time="0.487" classname="restAPITesting.ApttusStationAPIValidation"/>
</testsuite> <!-- Test -->
