<?xml version="1.0" encoding="UTF-8"?>
<!-- Generated by org.testng.reporters.JUnitXMLReporter -->
<testsuite hostname="DESKTOP-G46QBGA" ignored="0" name="Test" tests="6" failures="0" timestamp="16 Aug 2020 09:54:05 GMT" time="29.16" errors="0">
  <testcase name="feature" time="24.115" classname="cucumber.api.testng.AbstractTestNGCucumberTests"/>
  <testcase name="registerWeatherWithoutAPIKey" time="1.935" classname="restAPITesting.ApttusStationAPIValidation"/>
  <testcase name="registerTwoStationsWithValidKey" time="0.981" classname="restAPITesting.ApttusStationAPIValidation"/>
  <testcase name="getStations" time="0.468" classname="restAPITesting.ApttusStationAPIValidation"/>
  <testcase name="DeleteStations" time="0.903" classname="restAPITesting.ApttusStationAPIValidation"/>
  <testcase name="verifyStationNotFound" time="0.49" classname="restAPITesting.ApttusStationAPIValidation"/>
</testsuite> <!-- Test -->
