<?xml version="1.0" encoding="UTF-8"?>
<testng-results skipped="0" failed="0" ignored="0" total="6" passed="6">
  <reporter-output>
  </reporter-output>
  <suite name="Suite" duration-ms="71029" started-at="2020-08-16T13:11:30Z" finished-at="2020-08-16T13:12:41Z">
    <groups>
      <group name="cucumber">
        <method signature="AbstractTestNGCucumberTests.feature(cucumber.api.testng.CucumberFeatureWrapper)[pri:0, instance:cucumber.Options.TestRunner@1ed4004b]" name="feature" class="cucumber.api.testng.AbstractTestNGCucumberTests"/>
      </group> <!-- cucumber -->
    </groups>
    <test name="Test" duration-ms="71029" started-at="2020-08-16T13:11:30Z" finished-at="2020-08-16T13:12:41Z">
      <class name="restAPITesting.ApttusStationAPIValidation">
        <test-method status="PASS" signature="registerWeatherWithoutAPIKey()[pri:1, instance:restAPITesting.ApttusStationAPIValidation@ff5b51f]" name="registerWeatherWithoutAPIKey" duration-ms="2224" started-at="2020-08-16T13:12:36Z" finished-at="2020-08-16T13:12:39Z">
          <reporter-output>
          </reporter-output>
        </test-method> <!-- registerWeatherWithoutAPIKey -->
        <test-method status="PASS" signature="registerTwoStationsWithValidKey(java.lang.String)[pri:2, instance:restAPITesting.ApttusStationAPIValidation@ff5b51f]" name="registerTwoStationsWithValidKey" duration-ms="1011" started-at="2020-08-16T13:12:39Z" data-provider="getKey" finished-at="2020-08-16T13:12:40Z">
          <params>
            <param index="0">
              <value>
                <![CDATA[da76ae01115dfd97f7bb5d3c8483b5b4]]>
              </value>
            </param>
          </params>
          <reporter-output>
          </reporter-output>
        </test-method> <!-- registerTwoStationsWithValidKey -->
        <test-method status="PASS" signature="getStations(java.lang.String)[pri:3, instance:restAPITesting.ApttusStationAPIValidation@ff5b51f]" name="getStations" duration-ms="488" started-at="2020-08-16T13:12:40Z" data-provider="getKey" finished-at="2020-08-16T13:12:40Z">
          <params>
            <param index="0">
              <value>
                <![CDATA[da76ae01115dfd97f7bb5d3c8483b5b4]]>
              </value>
            </param>
          </params>
          <reporter-output>
          </reporter-output>
        </test-method> <!-- getStations -->
        <test-method status="PASS" signature="DeleteStations(java.lang.String)[pri:4, instance:restAPITesting.ApttusStationAPIValidation@ff5b51f]" name="DeleteStations" duration-ms="911" started-at="2020-08-16T13:12:40Z" data-provider="getKey" finished-at="2020-08-16T13:12:41Z">
          <params>
            <param index="0">
              <value>
                <![CDATA[da76ae01115dfd97f7bb5d3c8483b5b4]]>
              </value>
            </param>
          </params>
          <reporter-output>
          </reporter-output>
        </test-method> <!-- DeleteStations -->
        <test-method status="PASS" signature="verifyStationNotFound(java.lang.String)[pri:5, instance:restAPITesting.ApttusStationAPIValidation@ff5b51f]" name="verifyStationNotFound" duration-ms="494" started-at="2020-08-16T13:12:41Z" data-provider="getKey" finished-at="2020-08-16T13:12:41Z">
          <params>
            <param index="0">
              <value>
                <![CDATA[da76ae01115dfd97f7bb5d3c8483b5b4]]>
              </value>
            </param>
          </params>
          <reporter-output>
          </reporter-output>
        </test-method> <!-- verifyStationNotFound -->
      </class> <!-- restAPITesting.ApttusStationAPIValidation -->
      <class name="cucumber.Options.TestRunner">
        <test-method status="PASS" signature="setUpClass()[pri:0, instance:cucumber.Options.TestRunner@1ed4004b]" name="setUpClass" is-config="true" duration-ms="289" started-at="2020-08-16T13:11:30Z" finished-at="2020-08-16T13:11:31Z">
          <reporter-output>
          </reporter-output>
        </test-method> <!-- setUpClass -->
        <test-method status="PASS" signature="feature(cucumber.api.testng.CucumberFeatureWrapper)[pri:0, instance:cucumber.Options.TestRunner@1ed4004b]" name="feature" duration-ms="65530" started-at="2020-08-16T13:11:31Z" description="Runs Cucumber Feature" data-provider="features" finished-at="2020-08-16T13:12:36Z">
          <params>
            <param index="0">
              <value>
                <![CDATA[Product details validation]]>
              </value>
            </param>
          </params>
          <reporter-output>
          </reporter-output>
        </test-method> <!-- feature -->
        <test-method status="PASS" signature="tearDownClass()[pri:0, instance:cucumber.Options.TestRunner@1ed4004b]" name="tearDownClass" is-config="true" duration-ms="8" started-at="2020-08-16T13:12:36Z" finished-at="2020-08-16T13:12:36Z">
          <reporter-output>
          </reporter-output>
        </test-method> <!-- tearDownClass -->
      </class> <!-- cucumber.Options.TestRunner -->
    </test> <!-- Test -->
  </suite> <!-- Suite -->
</testng-results>
