-------------------------------------------------------------------------------
Test set: TestSuite
-------------------------------------------------------------------------------
Tests run: 6, Failures: 1, Errors: 0, Skipped: 0, Time elapsed: 28.809 s <<< FAILURE! - in TestSuite
feature(cucumber.Options.TestRunner)  Time elapsed: 22.889 s  <<< FAILURE!
cucumber.runtime.CucumberException: java.lang.AssertionError: expected [Orange, S1] but found [Orange, S]
Caused by: java.lang.AssertionError: expected [Orange, S1] but found [Orange, S]

