<?xml version="1.0" encoding="UTF-8"?>
<testsuite xmlns:xsi="http://www.w3.org/2001/XMLSchema-instance" xsi:noNamespaceSchemaLocation="https://maven.apache.org/surefire/maven-surefire-plugin/xsd/surefire-test-report.xsd" name="TestSuite" time="28.809" tests="6" errors="0" skipped="0" failures="1">
  <properties>
[...]
</properties>
  <testcase name="feature" classname="cucumber.Options.TestRunner" time="22.889">
    <failure message="java.lang.AssertionError: expected [Orange, S1] but found [Orange, S]" type="cucumber.runtime.CucumberException">cucumber.runtime.CucumberException: java.lang.AssertionError: expected [Orange, S1] but found [Orange, S]
Caused by: java.lang.AssertionError: expected [Orange, S1] but found [Orange, S]
</failure>
    <system-out><![CDATA[Feature: Successful Login

  Scenario Outline: Perform login functionality                           &amp#27;[90m# login.feature:3&amp#27;[0m
    &amp#27;[36mGiven &amp#27;[0m&amp#27;[36muser has invoked the browser&amp#27;[0m
    &amp#27;[36mAnd &amp#27;[0m&amp#27;[36muser opens the required url&amp#27;[0m
    &amp#27;[36mWhen &amp#27;[0m&amp#27;[36muser clicks on sign in&amp#27;[0m
    &amp#27;[36mAnd &amp#27;[0m&amp#27;[36muser enters <username> and <password> and click login button&amp#27;[0m
    &amp#27;[36mThen &amp#27;[0m&amp#27;[36muser should log in successfully&amp#27;[0m
    &amp#27;[36mAnd &amp#27;[0m&amp#27;[36muser selects the category as TShirts&amp#27;[0m
    &amp#27;[36mAnd &amp#27;[0m&amp#27;[36muser validates the required product is displayed&amp#27;[0m
    &amp#27;[36mAnd &amp#27;[0m&amp#27;[36muser clicks on the product&amp#27;[0m
    &amp#27;[36mAnd &amp#27;[0m&amp#27;[36muser clicks on ADD to Cart&amp#27;[0m
    &amp#27;[36mAnd &amp#27;[0m&amp#27;[36muser validates that the product is successfully added to the cart&amp#27;[0m

    Examples: 

  Scenario Outline: Perform login functionality                           &amp#27;[90m# login.feature:17&amp#27;[0m
    &amp#27;[32mGiven &amp#27;[0m&amp#27;[32muser has invoked the browser&amp#27;[0m                                    &amp#27;[90m# StepDefination.user_has_invoked_the_browser()&amp#27;[0m
    &amp#27;[32mAnd &amp#27;[0m&amp#27;[32muser opens the required url&amp#27;[0m                                       &amp#27;[90m# StepDefination.user_opens_the_required_url()&amp#27;[0m
    &amp#27;[32mWhen &amp#27;[0m&amp#27;[32muser clicks on sign in&amp#27;[0m                                           &amp#27;[90m# StepDefination.user_clicks_on_sign_in()&amp#27;[0m
    &amp#27;[32mAnd &amp#27;[0m&amp#27;[32muser enters &amp#27;[0m&amp#27;[32m&amp#27;[1mjetblue@grr.la&amp#27;[0m&amp#27;[32m and &amp#27;[0m&amp#27;[32m&amp#27;[1mjetblue&amp#27;[0m&amp#27;[32m and click login button&amp#27;[0m     &amp#27;[90m# StepDefination.user_enters_and_and_click_login_button(String,String)&amp#27;[0m
    &amp#27;[32mThen &amp#27;[0m&amp#27;[32muser should log in successfully&amp#27;[0m                                  &amp#27;[90m# StepDefination.user_should_log_in_successfully()&amp#27;[0m
    &amp#27;[32mAnd &amp#27;[0m&amp#27;[32muser selects the category as TShirts&amp#27;[0m                              &amp#27;[90m# StepDefination.user_selects_the_category_as_tshirts()&amp#27;[0m
    &amp#27;[32mAnd &amp#27;[0m&amp#27;[32muser validates the required product is displayed&amp#27;[0m                  &amp#27;[90m# StepDefination.user_validates_the_required_product_is_displayed()&amp#27;[0m
    &amp#27;[32mAnd &amp#27;[0m&amp#27;[32muser clicks on the product&amp#27;[0m                                        &amp#27;[90m# StepDefination.user_clicks_on_the_product()&amp#27;[0m
    &amp#27;[32mAnd &amp#27;[0m&amp#27;[32muser clicks on ADD to Cart&amp#27;[0m                                        &amp#27;[90m# StepDefination.user_clicks_on_add_to_cart()&amp#27;[0m
    &amp#27;[31mAnd &amp#27;[0m&amp#27;[31muser validates that the product is successfully added to the cart&amp#27;[0m &amp#27;[90m# StepDefination.user_validates_that_the_product_is_successfully_added_to_the_cart()&amp#27;[0m
      &amp#27;[31mjava.lang.AssertionError: expected [Orange, S1] but found [Orange, S]
      	at org.testng.Assert.fail(Assert.java:96)
      	at org.testng.Assert.failNotEquals(Assert.java:776)
      	at org.testng.Assert.assertEqualsImpl(Assert.java:137)
      	at org.testng.Assert.assertEquals(Assert.java:118)
      	at org.testng.Assert.assertEquals(Assert.java:453)
      	at org.testng.Assert.assertEquals(Assert.java:463)
      	at pageObjects.ProductValidation.productValidation(ProductValidation.java:55)
      	at stepDefinations.StepDefination.user_validates_that_the_product_is_successfully_added_to_the_cart(StepDefination.java:86)
      	at ?.And user validates that the product is successfully added to the cart(login.feature:13)
      &amp#27;[0m
]]></system-out>
    <system-err><![CDATA[Starting ChromeDriver 83.0.4103.39 (ccbf011cb2d2b19b506d844400483861342c20cd-refs/branch-heads/4103@{#416}) on port 8977
Only local connections are allowed.
Please see https://chromedriver.chromium.org/security-considerations for suggestions on keeping ChromeDriver safe.
ChromeDriver was started successfully.
[1597568998.299][WARNING]: This version of ChromeDriver has not been tested with Chrome version 84.
Aug 16, 2020 2:40:02 PM org.openqa.selenium.remote.ProtocolHandshake createSession
INFO: Detected dialect: W3C
]]></system-err>
  </testcase>
  <testcase name="registerWeatherWithoutAPIKey" classname="restAPITesting.ApttusStationAPIValidation" time="1.924"/>
  <testcase name="registerTwoStationsWithValidKey" classname="restAPITesting.ApttusStationAPIValidation" time="0.967"/>
  <testcase name="getStations" classname="restAPITesting.ApttusStationAPIValidation" time="0.53"/>
  <testcase name="DeleteStations" classname="restAPITesting.ApttusStationAPIValidation" time="0.89"/>
  <testcase name="verifyStationNotFound" classname="restAPITesting.ApttusStationAPIValidation" time="0.523"/>
</testsuite>